info: ::1 - - [10/May/2024:06:17:39 +0000] "POST /api/v1/users/ HTTP/1.1" 500 62 "-" "PostmanRuntime/7.38.0"

info: ::1 - - [10/May/2024:06:18:13 +0000] "POST /api/v1/users/ HTTP/1.1" 500 63 "-" "PostmanRuntime/7.38.0"

info: ::1 - - [10/May/2024:06:20:29 +0000] "POST /api/v1/users/ HTTP/1.1" 201 247 "-" "PostmanRuntime/7.38.0"

info: ::1 - - [10/May/2024:06:22:48 +0000] "POST /api/v1/users/login HTTP/1.1" 404 47 "-" "PostmanRuntime/7.38.0"

info: ::1 - - [10/May/2024:06:23:29 +0000] "GET /api/v1/users/login HTTP/1.1" 200 48 "-" "PostmanRuntime/7.38.0"

info: ::1 - - [10/May/2024:06:23:42 +0000] "POST /api/v1/users/login HTTP/1.1" 404 47 "-" "PostmanRuntime/7.38.0"

info: ::1 - - [10/May/2024:06:24:16 +0000] "POST /api/v1/users/login HTTP/1.1" 200 48 "-" "PostmanRuntime/7.38.0"

info: ::1 - - [10/May/2024:06:25:54 +0000] "POST /api/v1/users/login HTTP/1.1" 200 48 "-" "PostmanRuntime/7.38.0"

info: ::1 - - [10/May/2024:06:26:21 +0000] "POST /api/v1/users/login HTTP/1.1" 200 48 "-" "PostmanRuntime/7.38.0"

info: ::1 - - [10/May/2024:06:29:18 +0000] "POST /api/v1/users/login HTTP/1.1" 500 54 "-" "PostmanRuntime/7.38.0"

info: ::1 - - [10/May/2024:06:29:39 +0000] "POST /api/v1/users/login HTTP/1.1" 500 54 "-" "PostmanRuntime/7.38.0"

info: ::1 - - [10/May/2024:06:30:03 +0000] "POST /api/v1/users/login HTTP/1.1" 200 215 "-" "PostmanRuntime/7.38.0"

info: ::1 - - [10/May/2024:07:57:28 +0000] "GET /api/v1/users/ HTTP/1.1" 200 254 "-" "PostmanRuntime/7.38.0"

info: ::1 - - [10/May/2024:07:57:53 +0000] "GET /api/v1/users/login HTTP/1.1" 500 54 "-" "PostmanRuntime/7.38.0"

info: ::1 - - [10/May/2024:07:58:33 +0000] "GET /api/v1/users/login HTTP/1.1" 500 54 "-" "PostmanRuntime/7.38.0"

info: ::1 - - [10/May/2024:08:00:44 +0000] "GET /api/v1/users/login HTTP/1.1" 500 54 "-" "PostmanRuntime/7.38.0"

info: ::1 - - [10/May/2024:08:01:45 +0000] "GET /api/v1/users/login HTTP/1.1" 500 54 "-" "PostmanRuntime/7.38.0"

info: ::1 - - [10/May/2024:08:02:23 +0000] "GET /api/v1/users/login HTTP/1.1" 500 54 "-" "PostmanRuntime/7.38.0"

info: ::1 - - [10/May/2024:08:05:37 +0000] "GET /api/v1/users/login HTTP/1.1" 500 54 "-" "PostmanRuntime/7.38.0"

info: ::1 - - [10/May/2024:08:06:11 +0000] "POST /api/v1/users/login HTTP/1.1" 200 215 "-" "PostmanRuntime/7.38.0"

info: ::1 - - [10/May/2024:08:08:21 +0000] "GET /api/v1/users/employee HTTP/1.1" 500 54 "-" "PostmanRuntime/7.38.0"

info: ::1 - - [10/May/2024:08:09:04 +0000] "GET /api/v1/employee/ HTTP/1.1" 500 83 "-" "PostmanRuntime/7.38.0"

info: ::1 - - [10/May/2024:08:10:28 +0000] "GET /api/v1/employee/ HTTP/1.1" 500 83 "-" "PostmanRuntime/7.38.0"

info: ::1 - - [10/May/2024:08:10:57 +0000] "GET /api/v1/employee/ HTTP/1.1" 201 250 "-" "PostmanRuntime/7.38.0"

info: ::1 - - [10/May/2024:08:13:31 +0000] "GET /api/v1/employee/ HTTP/1.1" 201 291 "-" "PostmanRuntime/7.38.0"

info: ::1 - - [10/May/2024:10:01:21 +0000] "GET /api/v1/employee/ HTTP/1.1" 404 47 "-" "PostmanRuntime/7.38.0"

info: ::1 - - [10/May/2024:10:02:08 +0000] "POST /api/v1/users/login HTTP/1.1" 200 215 "-" "PostmanRuntime/7.38.0"

info: ::1 - - [10/May/2024:10:02:46 +0000] "POST /api/v1/employee/ HTTP/1.1" 500 66 "-" "PostmanRuntime/7.38.0"

info: ::1 - - [10/May/2024:10:04:33 +0000] "POST /api/v1/employee/ HTTP/1.1" 500 66 "-" "PostmanRuntime/7.38.0"

info: ::1 - - [10/May/2024:10:04:58 +0000] "POST /api/v1/employee/ HTTP/1.1" 500 71 "-" "PostmanRuntime/7.38.0"

info: ::1 - - [10/May/2024:10:06:48 +0000] "POST /api/v1/employee/ HTTP/1.1" 500 86 "-" "PostmanRuntime/7.38.0"

info: ::1 - - [10/May/2024:10:07:06 +0000] "POST /api/v1/employee/ HTTP/1.1" 201 330 "-" "PostmanRuntime/7.38.0"

info: ::1 - - [10/May/2024:10:23:08 +0000] "GET /api/v1/employee/ HTTP/1.1" 404 47 "-" "PostmanRuntime/7.38.0"

info: ::1 - - [10/May/2024:10:23:40 +0000] "GET /api/v1/employee/ HTTP/1.1" 404 47 "-" "PostmanRuntime/7.38.0"

info: ::1 - - [10/May/2024:10:24:03 +0000] "GET /api/v1/employee/o HTTP/1.1" 404 47 "-" "PostmanRuntime/7.38.0"

info: ::1 - - [10/May/2024:10:25:26 +0000] "GET /api/v1/employee/ HTTP/1.1" 404 47 "-" "PostmanRuntime/7.38.0"

info: ::1 - - [10/May/2024:10:37:13 +0000] "POST /api/v1/users/ HTTP/1.1" 201 245 "-" "PostmanRuntime/7.38.0"

info: ::1 - - [10/May/2024:10:37:51 +0000] "POST /api/v1/users/ HTTP/1.1" 500 54 "-" "PostmanRuntime/7.38.0"

info: ::1 - - [10/May/2024:10:37:59 +0000] "POST /api/v1/users/ HTTP/1.1" 201 246 "-" "PostmanRuntime/7.38.0"

info: ::1 - - [10/May/2024:10:38:58 +0000] "POST /api/v1/users/ HTTP/1.1" 500 54 "-" "PostmanRuntime/7.38.0"

info: ::1 - - [10/May/2024:10:39:04 +0000] "POST /api/v1/users/ HTTP/1.1" 201 299 "-" "PostmanRuntime/7.38.0"

info: ::1 - - [10/May/2024:10:52:50 +0000] "POST /api/v1/users/ HTTP/1.1" 500 54 "-" "PostmanRuntime/7.38.0"

info: ::1 - - [10/May/2024:10:53:10 +0000] "POST /api/v1/users/ HTTP/1.1" 500 54 "-" "PostmanRuntime/7.38.0"

info: ::1 - - [10/May/2024:10:53:39 +0000] "POST /api/v1/users/ HTTP/1.1" 500 54 "-" "PostmanRuntime/7.38.0"

info: ::1 - - [10/May/2024:10:54:04 +0000] "POST /api/v1/users/ HTTP/1.1" 201 300 "-" "PostmanRuntime/7.38.0"

info: ::1 - - [10/May/2024:10:59:49 +0000] "GET /api/v1/users/ HTTP/1.1" 200 1116 "-" "PostmanRuntime/7.38.0"

info: ::1 - - [10/May/2024:11:00:45 +0000] "GET /api/v1/employee/ HTTP/1.1" 500 79 "-" "PostmanRuntime/7.38.0"

info: ::1 - - [10/May/2024:11:02:26 +0000] "GET /api/v1/employee/ HTTP/1.1" 500 79 "-" "PostmanRuntime/7.38.0"

info: ::1 - - [10/May/2024:11:02:41 +0000] "GET /api/v1/employee/ HTTP/1.1" 500 79 "-" "PostmanRuntime/7.38.0"

info: ::1 - - [10/May/2024:11:04:18 +0000] "GET /api/v1/employee/ HTTP/1.1" 500 79 "-" "PostmanRuntime/7.38.0"

info: ::1 - - [10/May/2024:11:04:36 +0000] "GET /api/v1/employee/ HTTP/1.1" 200 333 "-" "PostmanRuntime/7.38.0"

