info: ::1 - - [09/May/2024:04:58:54 +0000] "GET /api/v1/ HTTP/1.1" 200 9 "-" "Mozilla/5.0 (Windows NT 10.0; Win64; x64) AppleWebKit/537.36 (KHTML, like Gecko) Chrome/124.0.0.0 Safari/537.36"

info: ::1 - - [09/May/2024:04:58:54 +0000] "GET /favicon.ico HTTP/1.1" 404 47 "-" "Mozilla/5.0 (Windows NT 10.0; Win64; x64) AppleWebKit/537.36 (KHTML, like Gecko) Chrome/124.0.0.0 Safari/537.36"

info: ::1 - - [09/May/2024:05:02:33 +0000] "GET /api/v1/users HTTP/1.1" 200 65 "-" "Mozilla/5.0 (Windows NT 10.0; Win64; x64) AppleWebKit/537.36 (KHTML, like Gecko) Chrome/124.0.0.0 Safari/537.36"

info: ::1 - - [09/May/2024:05:08:51 +0000] "GET /api/v1/ HTTP/1.1" 304 - "-" "Mozilla/5.0 (Windows NT 10.0; Win64; x64) AppleWebKit/537.36 (KHTML, like Gecko) Chrome/124.0.0.0 Safari/537.36"

info: ::1 - - [09/May/2024:05:08:53 +0000] "GET /api/v1/ HTTP/1.1" 304 - "-" "Mozilla/5.0 (Windows NT 10.0; Win64; x64) AppleWebKit/537.36 (KHTML, like Gecko) Chrome/124.0.0.0 Safari/537.36"

info: ::1 - - [09/May/2024:05:08:54 +0000] "GET /api/v1/ HTTP/1.1" 304 - "-" "Mozilla/5.0 (Windows NT 10.0; Win64; x64) AppleWebKit/537.36 (KHTML, like Gecko) Chrome/124.0.0.0 Safari/537.36"

info: ::1 - - [09/May/2024:05:09:13 +0000] "GET /api/v1/ HTTP/1.1" 304 - "-" "Mozilla/5.0 (Windows NT 10.0; Win64; x64) AppleWebKit/537.36 (KHTML, like Gecko) Chrome/124.0.0.0 Safari/537.36"

info: ::1 - - [09/May/2024:05:09:14 +0000] "GET /api/v1/ HTTP/1.1" 304 - "-" "Mozilla/5.0 (Windows NT 10.0; Win64; x64) AppleWebKit/537.36 (KHTML, like Gecko) Chrome/124.0.0.0 Safari/537.36"

info: ::1 - - [09/May/2024:05:13:31 +0000] "GET /api/v1/ HTTP/1.1" 500 55 "-" "Mozilla/5.0 (Windows NT 10.0; Win64; x64) AppleWebKit/537.36 (KHTML, like Gecko) Chrome/124.0.0.0 Safari/537.36"

info: ::1 - - [09/May/2024:05:13:33 +0000] "GET /api/v1/ HTTP/1.1" 500 55 "-" "Mozilla/5.0 (Windows NT 10.0; Win64; x64) AppleWebKit/537.36 (KHTML, like Gecko) Chrome/124.0.0.0 Safari/537.36"

info: ::1 - - [09/May/2024:05:13:34 +0000] "GET /api/v1/ HTTP/1.1" 500 55 "-" "Mozilla/5.0 (Windows NT 10.0; Win64; x64) AppleWebKit/537.36 (KHTML, like Gecko) Chrome/124.0.0.0 Safari/537.36"

info: ::1 - - [09/May/2024:05:13:50 +0000] "GET /api/v1/ HTTP/1.1" 500 55 "-" "Mozilla/5.0 (Windows NT 10.0; Win64; x64) AppleWebKit/537.36 (KHTML, like Gecko) Chrome/124.0.0.0 Safari/537.36"

info: ::1 - - [09/May/2024:05:13:52 +0000] "GET /api/v1/ HTTP/1.1" 500 55 "-" "Mozilla/5.0 (Windows NT 10.0; Win64; x64) AppleWebKit/537.36 (KHTML, like Gecko) Chrome/124.0.0.0 Safari/537.36"

info: ::1 - - [09/May/2024:05:13:57 +0000] "GET /api/v1/ HTTP/1.1" 500 55 "-" "Mozilla/5.0 (Windows NT 10.0; Win64; x64) AppleWebKit/537.36 (KHTML, like Gecko) Chrome/124.0.0.0 Safari/537.36"

info: ::1 - - [09/May/2024:05:13:58 +0000] "GET /api/v1/ HTTP/1.1" 500 55 "-" "Mozilla/5.0 (Windows NT 10.0; Win64; x64) AppleWebKit/537.36 (KHTML, like Gecko) Chrome/124.0.0.0 Safari/537.36"

info: ::1 - - [09/May/2024:05:13:59 +0000] "GET /api/v1/ HTTP/1.1" 500 55 "-" "Mozilla/5.0 (Windows NT 10.0; Win64; x64) AppleWebKit/537.36 (KHTML, like Gecko) Chrome/124.0.0.0 Safari/537.36"

info: ::1 - - [09/May/2024:05:17:21 +0000] "GET /api/v1/ HTTP/1.1" 200 9 "-" "Mozilla/5.0 (Windows NT 10.0; Win64; x64) AppleWebKit/537.36 (KHTML, like Gecko) Chrome/124.0.0.0 Safari/537.36"

info: ::1 - - [09/May/2024:05:21:24 +0000] "GET /api/v1/ HTTP/1.1" 304 - "-" "Mozilla/5.0 (Windows NT 10.0; Win64; x64) AppleWebKit/537.36 (KHTML, like Gecko) Chrome/124.0.0.0 Safari/537.36"

info: ::1 - - [09/May/2024:05:21:26 +0000] "GET /api/v1/ HTTP/1.1" 304 - "-" "Mozilla/5.0 (Windows NT 10.0; Win64; x64) AppleWebKit/537.36 (KHTML, like Gecko) Chrome/124.0.0.0 Safari/537.36"

info: ::1 - - [09/May/2024:05:23:10 +0000] "GET /api/v1/ HTTP/1.1" 304 - "-" "Mozilla/5.0 (Windows NT 10.0; Win64; x64) AppleWebKit/537.36 (KHTML, like Gecko) Chrome/124.0.0.0 Safari/537.36"

info: ::1 - - [09/May/2024:06:50:54 +0000] "GET /api/v1/ HTTP/1.1" 200 9 "-" "PostmanRuntime/7.38.0"

info: ::1 - - [09/May/2024:06:52:59 +0000] "POST /api/v1/ HTTP/1.1" 404 47 "-" "PostmanRuntime/7.38.0"

info: ::1 - - [09/May/2024:06:53:08 +0000] "GET /api/v1/ HTTP/1.1" 200 9 "-" "PostmanRuntime/7.38.0"

info: ::1 - - [09/May/2024:06:53:16 +0000] "GET /api/v1/ HTTP/1.1" 200 9 "-" "Mozilla/5.0 (Windows NT 10.0; Win64; x64) AppleWebKit/537.36 (KHTML, like Gecko) Chrome/124.0.0.0 Safari/537.36"

info: ::1 - - [09/May/2024:06:53:16 +0000] "GET /favicon.ico HTTP/1.1" 404 47 "-" "Mozilla/5.0 (Windows NT 10.0; Win64; x64) AppleWebKit/537.36 (KHTML, like Gecko) Chrome/124.0.0.0 Safari/537.36"

info: ::1 - - [09/May/2024:06:53:21 +0000] "GET /api/v1/users HTTP/1.1" 200 65 "-" "Mozilla/5.0 (Windows NT 10.0; Win64; x64) AppleWebKit/537.36 (KHTML, like Gecko) Chrome/124.0.0.0 Safari/537.36"

info: ::1 - - [09/May/2024:06:53:28 +0000] "GET /api/v1/users HTTP/1.1" 200 65 "-" "PostmanRuntime/7.38.0"

info: ::1 - - [09/May/2024:06:54:41 +0000] "GET /api/v1/users HTTP/1.1" 200 65 "-" "PostmanRuntime/7.38.0"

info: ::1 - - [09/May/2024:07:02:47 +0000] "POST /api/v1/users/ HTTP/1.1" 500 62 "-" "PostmanRuntime/7.38.0"

info: ::1 - - [09/May/2024:07:07:10 +0000] "POST /api/v1/users/ HTTP/1.1" 500 62 "-" "PostmanRuntime/7.38.0"

info: ::1 - - [09/May/2024:07:07:33 +0000] "POST /api/v1/users/ HTTP/1.1" 500 66 "-" "PostmanRuntime/7.38.0"

info: ::1 - - [09/May/2024:07:09:45 +0000] "GET /api/v1/users/ HTTP/1.1" 500 66 "-" "PostmanRuntime/7.38.0"

info: ::1 - - [09/May/2024:07:10:03 +0000] "GET /api/v1/users/ HTTP/1.1" 500 66 "-" "PostmanRuntime/7.38.0"

info: ::1 - - [09/May/2024:07:16:36 +0000] "GET /api/v1/users HTTP/1.1" 304 - "-" "Mozilla/5.0 (Windows NT 10.0; Win64; x64) AppleWebKit/537.36 (KHTML, like Gecko) Chrome/124.0.0.0 Safari/537.36"

info: ::1 - - [09/May/2024:07:16:38 +0000] "GET /api/v1/users HTTP/1.1" 304 - "-" "Mozilla/5.0 (Windows NT 10.0; Win64; x64) AppleWebKit/537.36 (KHTML, like Gecko) Chrome/124.0.0.0 Safari/537.36"

info: ::1 - - [09/May/2024:07:16:45 +0000] "GET /api/v1/users/ HTTP/1.1" 200 65 "-" "PostmanRuntime/7.38.0"

info: ::1 - - [09/May/2024:07:17:01 +0000] "POST /api/v1/users/ HTTP/1.1" 500 86 "-" "PostmanRuntime/7.38.0"

info: ::1 - - [09/May/2024:07:17:39 +0000] "POST /api/v1/users/ HTTP/1.1" 500 86 "-" "PostmanRuntime/7.38.0"

info: ::1 - - [09/May/2024:07:18:02 +0000] "POST /api/v1/users/ HTTP/1.1" 500 86 "-" "PostmanRuntime/7.38.0"

info: ::1 - - [09/May/2024:07:19:26 +0000] "POST /api/v1/users/ HTTP/1.1" 201 230 "-" "PostmanRuntime/7.38.0"

info: ::1 - - [09/May/2024:07:19:43 +0000] "GET /api/v1/users/ HTTP/1.1" 200 237 "-" "PostmanRuntime/7.38.0"

info: ::1 - - [09/May/2024:07:23:27 +0000] "GET /api/v1/users/1 HTTP/1.1" 400 56 "-" "PostmanRuntime/7.38.0"

info: ::1 - - [09/May/2024:07:23:44 +0000] "GET /api/v1/users/1 HTTP/1.1" 200 230 "-" "PostmanRuntime/7.38.0"

info: ::1 - - [09/May/2024:07:40:19 +0000] "GET /api/v1/users/ HTTP/1.1" 200 237 "-" "PostmanRuntime/7.38.0"

info: ::1 - - [09/May/2024:07:43:02 +0000] "GET /api/v1/users/ HTTP/1.1" 200 237 "-" "PostmanRuntime/7.38.0"

info: ::1 - - [09/May/2024:07:46:00 +0000] "GET /api/v1/users/ HTTP/1.1" 500 56 "-" "PostmanRuntime/7.38.0"

info: ::1 - - [09/May/2024:07:46:09 +0000] "GET /api/v1/users/ HTTP/1.1" 500 56 "-" "PostmanRuntime/7.38.0"

info: ::1 - - [09/May/2024:07:46:28 +0000] "GET /api/v1/users/ HTTP/1.1" 500 55 "-" "PostmanRuntime/7.38.0"

info: ::1 - - [09/May/2024:07:46:57 +0000] "GET /api/v1/users/ HTTP/1.1" 200 237 "-" "PostmanRuntime/7.38.0"

info: ::1 - - [09/May/2024:07:52:57 +0000] "GET /api/v1/users/ HTTP/1.1" 200 237 "-" "PostmanRuntime/7.38.0"

info: ::1 - - [09/May/2024:07:53:19 +0000] "POST /api/v1/users/ HTTP/1.1" 500 92 "-" "PostmanRuntime/7.38.0"

info: ::1 - - [09/May/2024:07:59:09 +0000] "POST /api/v1/users/ HTTP/1.1" 500 92 "-" "PostmanRuntime/7.38.0"

info: ::1 - - [09/May/2024:10:43:57 +0000] "GET /api/v1/users/ HTTP/1.1" 200 237 "-" "PostmanRuntime/7.38.0"

info: ::1 - - [09/May/2024:10:44:25 +0000] "POST /api/v1/users/ HTTP/1.1" 500 92 "-" "PostmanRuntime/7.38.0"

info: ::1 - - [09/May/2024:10:46:33 +0000] "POST /api/v1/users/ HTTP/1.1" 500 92 "-" "PostmanRuntime/7.38.0"

info: ::1 - - [09/May/2024:10:47:32 +0000] "POST /api/v1/users/ HTTP/1.1" 500 92 "-" "PostmanRuntime/7.38.0"

info: ::1 - - [09/May/2024:10:48:05 +0000] "POST /api/v1/users/ HTTP/1.1" 500 92 "-" "PostmanRuntime/7.38.0"

info: ::1 - - [09/May/2024:10:50:35 +0000] "POST /api/v1/users/ HTTP/1.1" 500 92 "-" "PostmanRuntime/7.38.0"

info: ::1 - - [09/May/2024:10:52:23 +0000] "POST /api/v1/users/ HTTP/1.1" 500 54 "-" "PostmanRuntime/7.38.0"

info: ::1 - - [09/May/2024:10:53:29 +0000] "POST /api/v1/users/ HTTP/1.1" 201 231 "-" "PostmanRuntime/7.38.0"

info: ::1 - - [09/May/2024:11:22:14 +0000] "GET /api/v1/users/1 HTTP/1.1" 200 230 "-" "PostmanRuntime/7.38.0"

info: ::1 - - [09/May/2024:11:23:10 +0000] "GET /api/v1/users/3 HTTP/1.1" 200 62 "-" "PostmanRuntime/7.38.0"

info: ::1 - - [09/May/2024:11:23:18 +0000] "GET /api/v1/users/2 HTTP/1.1" 200 231 "-" "PostmanRuntime/7.38.0"

info: ::1 - - [09/May/2024:11:23:23 +0000] "GET /api/v1/users/3 HTTP/1.1" 200 62 "-" "PostmanRuntime/7.38.0"

info: ::1 - - [09/May/2024:11:26:33 +0000] "GET /api/v1/users/1 HTTP/1.1" 200 230 "-" "PostmanRuntime/7.38.0"

info: ::1 - - [09/May/2024:11:26:49 +0000] "GET /api/v1/users/3 HTTP/1.1" 200 62 "-" "PostmanRuntime/7.38.0"

info: ::1 - - [09/May/2024:11:28:09 +0000] "GET /api/v1/users/3 HTTP/1.1" 500 55 "-" "PostmanRuntime/7.38.0"

info: ::1 - - [09/May/2024:11:28:45 +0000] "GET /api/v1/users/3 HTTP/1.1" 500 54 "-" "PostmanRuntime/7.38.0"

info: ::1 - - [09/May/2024:11:29:36 +0000] "GET /api/v1/users/2 HTTP/1.1" 500 54 "-" "PostmanRuntime/7.38.0"

info: ::1 - - [09/May/2024:11:29:46 +0000] "GET /api/v1/users/1 HTTP/1.1" 500 54 "-" "PostmanRuntime/7.38.0"

info: ::1 - - [09/May/2024:11:30:21 +0000] "GET /api/v1/users/1 HTTP/1.1" 500 54 "-" "PostmanRuntime/7.38.0"

info: ::1 - - [09/May/2024:11:30:23 +0000] "GET /api/v1/users/1 HTTP/1.1" 500 54 "-" "PostmanRuntime/7.38.0"

info: ::1 - - [09/May/2024:11:30:41 +0000] "GET /api/v1/users/1 HTTP/1.1" 500 54 "-" "PostmanRuntime/7.38.0"

info: ::1 - - [09/May/2024:11:31:16 +0000] "GET /api/v1/users/1 HTTP/1.1" 500 54 "-" "PostmanRuntime/7.38.0"

info: ::1 - - [09/May/2024:11:31:46 +0000] "GET /api/v1/users/ HTTP/1.1" 200 411 "-" "PostmanRuntime/7.38.0"

info: ::1 - - [09/May/2024:11:32:23 +0000] "POST /api/v1/users/ HTTP/1.1" 500 54 "-" "PostmanRuntime/7.38.0"

info: ::1 - - [09/May/2024:11:35:42 +0000] "POST /api/v1/users/ HTTP/1.1" 500 54 "-" "PostmanRuntime/7.38.0"

info: ::1 - - [09/May/2024:11:36:13 +0000] "GET /api/v1/users/1 HTTP/1.1" 500 54 "-" "PostmanRuntime/7.38.0"

info: ::1 - - [09/May/2024:11:37:56 +0000] "GET /api/v1/users/1 HTTP/1.1" 500 54 "-" "PostmanRuntime/7.38.0"

info: ::1 - - [09/May/2024:12:13:01 +0000] "GET /api/v1/users/1 HTTP/1.1" 200 230 "-" "PostmanRuntime/7.38.0"

info: ::1 - - [09/May/2024:12:28:15 +0000] "GET /api/v1/users/login HTTP/1.1" 200 48 "-" "PostmanRuntime/7.38.0"

info: ::1 - - [09/May/2024:12:28:27 +0000] "GET /api/v1/users/login HTTP/1.1" 200 48 "-" "PostmanRuntime/7.38.0"

info: ::1 - - [09/May/2024:12:29:01 +0000] "GET /api/v1/users/login HTTP/1.1" 200 48 "-" "PostmanRuntime/7.38.0"

info: ::1 - - [09/May/2024:12:29:11 +0000] "GET /api/v1/users/login HTTP/1.1" 200 48 "-" "PostmanRuntime/7.38.0"

info: ::1 - - [09/May/2024:12:29:26 +0000] "GET /api/v1/users/login HTTP/1.1" 200 48 "-" "PostmanRuntime/7.38.0"

info: ::1 - - [09/May/2024:12:30:11 +0000] "GET /api/v1/users/login HTTP/1.1" 500 54 "-" "PostmanRuntime/7.38.0"

info: ::1 - - [09/May/2024:12:30:22 +0000] "GET /api/v1/users/login HTTP/1.1" 200 48 "-" "PostmanRuntime/7.38.0"

info: ::1 - - [09/May/2024:12:33:23 +0000] "GET /api/v1/users/login HTTP/1.1" 200 48 "-" "PostmanRuntime/7.38.0"

info: ::1 - - [09/May/2024:12:33:36 +0000] "POST /api/v1/users/ HTTP/1.1" 500 54 "-" "PostmanRuntime/7.38.0"

info: ::1 - - [09/May/2024:12:33:54 +0000] "POST /api/v1/users/ HTTP/1.1" 201 232 "-" "PostmanRuntime/7.38.0"

